Copyright 1986-2020 Xilinx, Inc. All Rights Reserved.
----------------------------------------------------------------------------------------------------------------------------------------------------------------------------
| Tool Version     : Vivado v.2020.1 (win64) Build 2902540 Wed May 27 19:54:49 MDT 2020
| Date             : Sat Nov 12 15:04:58 2022
| Host             : YH-LEARN829 running 64-bit major release  (build 9200)
| Command          : report_power -file wujian100_open_top_power_routed.rpt -pb wujian100_open_top_power_summary_routed.pb -rpx wujian100_open_top_power_routed.rpx
| Design           : wujian100_open_top
| Device           : xc7a100tftg256-1
| Design State     : routed
| Grade            : commercial
| Process          : typical
| Characterization : Production
----------------------------------------------------------------------------------------------------------------------------------------------------------------------------

Power Report

Table of Contents
-----------------
1. Summary
1.1 On-Chip Components
1.2 Power Supply Summary
1.3 Confidence Level
2. Settings
2.1 Environment
2.2 Clock Constraints
3. Detailed Reports
3.1 By Hierarchy

1. Summary
----------

+--------------------------+--------------+
| Total On-Chip Power (W)  | 0.226        |
| Design Power Budget (W)  | Unspecified* |
| Power Budget Margin (W)  | NA           |
| Dynamic (W)              | 0.126        |
| Device Static (W)        | 0.100        |
| Effective TJA (C/W)      | 4.6          |
| Max Ambient (C)          | 84.0         |
| Junction Temperature (C) | 26.0         |
| Confidence Level         | Low          |
| Setting File             | ---          |
| Simulation Activity File | ---          |
| Design Nets Matched      | NA           |
+--------------------------+--------------+
* Specify Design Power Budget using, set_operating_conditions -design_power_budget <value in Watts>


1.1 On-Chip Components
----------------------

+--------------------------+-----------+----------+-----------+-----------------+
| On-Chip                  | Power (W) | Used     | Available | Utilization (%) |
+--------------------------+-----------+----------+-----------+-----------------+
| Clocks                   |     0.012 |        8 |       --- |             --- |
| Slice Logic              |     0.002 |    44971 |       --- |             --- |
|   LUT as Logic           |     0.002 |    24823 |     63400 |           39.15 |
|   CARRY4                 |    <0.001 |     1260 |     15850 |            7.95 |
|   Register               |    <0.001 |    13441 |    126800 |           10.60 |
|   BUFG                   |    <0.001 |        1 |        32 |            3.13 |
|   F7/F8 Muxes            |    <0.001 |      368 |     63400 |            0.58 |
|   Others                 |     0.000 |      410 |       --- |             --- |
|   LUT as Distributed RAM |     0.000 |       72 |     19000 |            0.38 |
| Signals                  |     0.003 |    36059 |       --- |             --- |
| Block RAM                |    <0.001 |       64 |       135 |           47.41 |
| MMCM                     |     0.105 |        1 |         6 |           16.67 |
| I/O                      |     0.003 |       65 |       170 |           38.24 |
| Static Power             |     0.100 |          |           |                 |
| Total                    |     0.226 |          |           |                 |
+--------------------------+-----------+----------+-----------+-----------------+


1.2 Power Supply Summary
------------------------

+-----------+-------------+-----------+-------------+------------+-------------+-------------+------------+
| Source    | Voltage (V) | Total (A) | Dynamic (A) | Static (A) | Powerup (A) | Budget (A)  | Margin (A) |
+-----------+-------------+-----------+-------------+------------+-------------+-------------+------------+
| Vccint    |       1.000 |     0.035 |       0.018 |      0.017 |       NA    | Unspecified | NA         |
| Vccaux    |       1.800 |     0.077 |       0.058 |      0.018 |       NA    | Unspecified | NA         |
| Vcco33    |       3.300 |     0.005 |       0.001 |      0.004 |       NA    | Unspecified | NA         |
| Vcco25    |       2.500 |     0.000 |       0.000 |      0.000 |       NA    | Unspecified | NA         |
| Vcco18    |       1.800 |     0.000 |       0.000 |      0.000 |       NA    | Unspecified | NA         |
| Vcco15    |       1.500 |     0.000 |       0.000 |      0.000 |       NA    | Unspecified | NA         |
| Vcco135   |       1.350 |     0.000 |       0.000 |      0.000 |       NA    | Unspecified | NA         |
| Vcco12    |       1.200 |     0.000 |       0.000 |      0.000 |       NA    | Unspecified | NA         |
| Vccaux_io |       1.800 |     0.000 |       0.000 |      0.000 |       NA    | Unspecified | NA         |
| Vccbram   |       1.000 |     0.002 |       0.000 |      0.002 |       NA    | Unspecified | NA         |
| MGTAVcc   |       1.000 |     0.000 |       0.000 |      0.000 |       NA    | Unspecified | NA         |
| MGTAVtt   |       1.200 |     0.000 |       0.000 |      0.000 |       NA    | Unspecified | NA         |
| Vccadc    |       1.800 |     0.020 |       0.000 |      0.020 |       NA    | Unspecified | NA         |
+-----------+-------------+-----------+-------------+------------+-------------+-------------+------------+


1.3 Confidence Level
--------------------

+-----------------------------+------------+--------------------------------------------------------+------------------------------------------------------------------------------------------------------------+
| User Input Data             | Confidence | Details                                                | Action                                                                                                     |
+-----------------------------+------------+--------------------------------------------------------+------------------------------------------------------------------------------------------------------------+
| Design implementation state | High       | Design is routed                                       |                                                                                                            |
| Clock nodes activity        | High       | User specified more than 95% of clocks                 |                                                                                                            |
| I/O nodes activity          | Low        | More than 75% of inputs are missing user specification | Provide missing input activity with simulation results or by editing the "By Resource Type -> I/Os" view   |
| Internal nodes activity     | Medium     | User specified less than 25% of internal nodes         | Provide missing internal nodes activity with simulation results or by editing the "By Resource Type" views |
| Device models               | High       | Device models are Production                           |                                                                                                            |
|                             |            |                                                        |                                                                                                            |
| Overall confidence level    | Low        |                                                        |                                                                                                            |
+-----------------------------+------------+--------------------------------------------------------+------------------------------------------------------------------------------------------------------------+


2. Settings
-----------

2.1 Environment
---------------

+-----------------------+--------------------------+
| Ambient Temp (C)      | 25.0                     |
| ThetaJA (C/W)         | 4.6                      |
| Airflow (LFM)         | 250                      |
| Heat Sink             | medium (Medium Profile)  |
| ThetaSA (C/W)         | 4.6                      |
| Board Selection       | medium (10"x10")         |
| # of Board Layers     | 12to15 (12 to 15 Layers) |
| Board Temperature (C) | 25.0                     |
+-----------------------+--------------------------+


2.2 Clock Constraints
---------------------

+----------------------+-------------------------------------+-----------------+
| Clock                | Domain                              | Constraint (ns) |
+----------------------+-------------------------------------+-----------------+
| clk                  | clk                                 |            20.0 |
| clk_out1_clk_wiz_0   | u_clk_wiz_0/inst/clk_out1_clk_wiz_0 |            50.0 |
| clk_out1_clk_wiz_0_1 | u_clk_wiz_0/inst/clk_out1_clk_wiz_0 |            50.0 |
| clkfbout_clk_wiz_0   | u_clk_wiz_0/inst/clkfbout_clk_wiz_0 |            20.0 |
| clkfbout_clk_wiz_0_1 | u_clk_wiz_0/inst/clkfbout_clk_wiz_0 |            20.0 |
| sys_clk_pin          | clk                                 |            20.0 |
+----------------------+-------------------------------------+-----------------+


3. Detailed Reports
-------------------

3.1 By Hierarchy
----------------

+------------------------------+-----------+
| Name                         | Power (W) |
+------------------------------+-----------+
| wujian100_open_top           |     0.126 |
|   u_clk_wiz_0                |     0.105 |
|     inst                     |     0.105 |
|   x_cpu_top                  |     0.005 |
|     CPU                      |     0.005 |
|       x_cr_core_top          |     0.004 |
|   x_pdu_top                  |     0.012 |
|     x_main_bus_top           |     0.006 |
|       x_ahb_matrix_7_12_main |     0.001 |
|       x_dmac_top             |     0.004 |
|     x_sub_apb0_top           |     0.005 |
|       x_pwm_sec_top          |     0.002 |
|     x_sub_apb1_top           |     0.001 |
+------------------------------+-----------+


